{"name":"orderer-api","hostname":"DESKTOP-94S6US8","pid":10996,"level":30,"msg":"orderer-api listening at http://[::]:8080","time":"2019-03-06T02:30:08.850Z","v":0}
{"name":"orderer-api","hostname":"DESKTOP-94S6US8","pid":10996,"level":10,"msg":"GET / 404 5 ms","time":"2019-03-06T02:30:20.445Z","v":0}
{"name":"orderer-api","hostname":"DESKTOP-94S6US8","pid":10996,"level":10,"msg":"GET /api 200 19 ms","time":"2019-03-06T02:30:26.456Z","v":0}
{"name":"orderer-api","hostname":"DESKTOP-94S6US8","pid":10996,"level":10,"msg":"GET /api/3 200 3 ms","time":"2019-03-06T02:30:31.784Z","v":0}
{"name":"orderer-api","hostname":"DESKTOP-94S6US8","pid":1152,"level":30,"msg":"orderer-api listening at http://[::]:8080","time":"2019-03-06T02:38:55.269Z","v":0}
{"name":"orderer-api","hostname":"DESKTOP-94S6US8","pid":1152,"level":10,"msg":"GET /api/3 404 5 ms","time":"2019-03-06T02:39:04.863Z","v":0}
{"name":"orderer-api","hostname":"DESKTOP-94S6US8","pid":1152,"level":10,"msg":"GET /api/product 200 14 ms","time":"2019-03-06T02:39:08.487Z","v":0}
{"name":"orderer-api","hostname":"DESKTOP-94S6US8","pid":14016,"level":30,"msg":"orderer-api listening at http://[::]:8080","time":"2019-03-06T02:39:14.861Z","v":0}
{"name":"orderer-api","hostname":"DESKTOP-94S6US8","pid":14016,"level":10,"msg":"GET /api/product 200 19 ms","time":"2019-03-06T02:39:16.453Z","v":0}
{"name":"orderer-api","hostname":"DESKTOP-94S6US8","pid":14136,"level":30,"msg":"orderer-api listening at http://[::]:8080","time":"2019-03-06T02:40:10.964Z","v":0}
{"name":"orderer-api","hostname":"DESKTOP-94S6US8","pid":15064,"level":30,"msg":"orderer-api listening at http://[::]:8080","time":"2019-03-06T03:45:10.495Z","v":0}
{"name":"orderer-api","hostname":"DESKTOP-94S6US8","pid":15176,"level":30,"msg":"orderer-api listening at http://[::]:8080","time":"2019-03-06T03:45:46.442Z","v":0}
{"name":"orderer-api","hostname":"DESKTOP-94S6US8","pid":15064,"level":30,"msg":"orderer-api listening at http://[::]:8080","time":"2019-03-06T03:47:05.538Z","v":0}
{"name":"orderer-api","hostname":"DESKTOP-94S6US8","pid":6512,"level":30,"msg":"orderer-api listening at http://[::]:8080","time":"2019-03-06T03:49:24.442Z","v":0}
{"name":"orderer-api","hostname":"DESKTOP-94S6US8","pid":12124,"level":30,"msg":"orderer-api listening at http://[::]:8080","time":"2019-03-06T03:49:49.903Z","v":0}
{"name":"orderer-api","hostname":"DESKTOP-94S6US8","pid":14756,"level":30,"msg":"orderer-api listening at http://[::]:8080","time":"2019-03-06T03:51:29.144Z","v":0}
{"name":"orderer-api","hostname":"DESKTOP-94S6US8","pid":14492,"level":30,"msg":"orderer-api listening at http://[::]:8080","time":"2019-03-06T03:57:24.607Z","v":0}
{"name":"orderer-api","hostname":"DESKTOP-94S6US8","pid":4392,"level":30,"msg":"orderer-api listening at http://[::]:8080","time":"2019-03-06T03:57:58.567Z","v":0}
{"name":"orderer-api","hostname":"DESKTOP-94S6US8","pid":14988,"level":30,"msg":"orderer-api listening at http://[::]:8080","time":"2019-03-06T04:00:24.865Z","v":0}
{"name":"orderer-api","hostname":"DESKTOP-94S6US8","pid":10848,"level":30,"msg":"orderer-api listening at http://[::]:8080","time":"2019-03-06T04:00:47.934Z","v":0}
{"name":"orderer-api","hostname":"DESKTOP-94S6US8","pid":1884,"level":30,"msg":"orderer-api listening at http://[::]:8080","time":"2019-03-06T04:01:27.355Z","v":0}
{"name":"orderer-api","hostname":"DESKTOP-94S6US8","pid":14380,"level":30,"msg":"orderer-api listening at http://[::]:8080","time":"2019-03-06T04:07:31.234Z","v":0}
{"name":"orderer-api","hostname":"DESKTOP-94S6US8","pid":11336,"level":30,"msg":"orderer-api listening at http://[::]:8080","time":"2019-03-06T04:15:43.799Z","v":0}
{"name":"orderer-api","hostname":"DESKTOP-94S6US8","pid":13268,"level":30,"msg":"orderer-api listening at http://[::]:8080","time":"2019-03-06T04:16:18.837Z","v":0}
{"name":"orderer-api","hostname":"DESKTOP-94S6US8","pid":3932,"level":30,"msg":"orderer-api listening at http://[::]:8080","time":"2019-03-06T04:16:33.011Z","v":0}
{"name":"orderer-api","hostname":"DESKTOP-94S6US8","pid":7532,"level":30,"msg":"orderer-api listening at http://[::]:8080","time":"2019-03-06T04:18:02.165Z","v":0}
{"name":"orderer-api","hostname":"DESKTOP-94S6US8","pid":12876,"level":30,"msg":"orderer-api listening at http://[::]:8080","time":"2019-03-06T04:18:18.613Z","v":0}
{"name":"orderer-api","hostname":"DESKTOP-94S6US8","pid":8064,"level":30,"msg":"orderer-api listening at http://[::]:8080","time":"2019-03-06T04:18:29.636Z","v":0}
{"name":"orderer-api","hostname":"DESKTOP-94S6US8","pid":6888,"level":30,"msg":"orderer-api listening at http://[::]:8080","time":"2019-03-06T04:20:59.564Z","v":0}
{"name":"orderer-api","hostname":"DESKTOP-94S6US8","pid":10792,"level":30,"msg":"orderer-api listening at http://[::]:8080","time":"2019-03-06T04:21:12.420Z","v":0}
{"name":"orderer-api","hostname":"DESKTOP-94S6US8","pid":6132,"level":30,"msg":"orderer-api listening at http://[::]:8080","time":"2019-03-06T04:21:28.441Z","v":0}
{"name":"orderer-api","hostname":"DESKTOP-94S6US8","pid":14704,"level":30,"msg":"orderer-api listening at http://[::]:8080","time":"2019-03-06T04:22:04.926Z","v":0}
{"name":"orderer-api","hostname":"DESKTOP-94S6US8","pid":7764,"level":30,"msg":"orderer-api listening at http://[::]:8080","time":"2019-03-06T04:22:24.517Z","v":0}
{"name":"orderer-api","hostname":"DESKTOP-94S6US8","pid":10636,"level":30,"msg":"orderer-api listening at http://[::]:8080","time":"2019-03-06T04:23:29.036Z","v":0}
{"name":"orderer-api","hostname":"DESKTOP-94S6US8","pid":13320,"level":30,"msg":"orderer-api listening at http://[::]:8080","time":"2019-03-06T04:23:47.417Z","v":0}
{"name":"orderer-api","hostname":"DESKTOP-94S6US8","pid":15340,"level":30,"msg":"orderer-api listening at http://[::]:8080","time":"2019-03-06T04:25:02.378Z","v":0}
{"name":"orderer-api","hostname":"DESKTOP-94S6US8","pid":7896,"level":30,"msg":"orderer-api listening at http://[::]:8080","time":"2019-03-06T04:25:47.584Z","v":0}
{"name":"orderer-api","hostname":"DESKTOP-94S6US8","pid":10720,"level":30,"msg":"orderer-api listening at http://[::]:8080","time":"2019-03-06T04:25:49.443Z","v":0}
{"name":"orderer-api","hostname":"DESKTOP-94S6US8","pid":11100,"level":30,"msg":"orderer-api listening at http://[::]:8080","time":"2019-03-06T04:25:56.026Z","v":0}
{"name":"orderer-api","hostname":"DESKTOP-94S6US8","pid":15060,"level":30,"msg":"orderer-api listening at http://[::]:8080","time":"2019-03-06T04:26:01.849Z","v":0}
{"name":"orderer-api","hostname":"DESKTOP-94S6US8","pid":916,"level":30,"msg":"orderer-api listening at http://[::]:8080","time":"2019-03-06T04:26:03.025Z","v":0}
{"name":"orderer-api","hostname":"DESKTOP-94S6US8","pid":8536,"level":30,"msg":"orderer-api listening at http://[::]:8080","time":"2019-03-06T04:26:04.201Z","v":0}
{"name":"orderer-api","hostname":"DESKTOP-94S6US8","pid":9112,"level":30,"msg":"orderer-api listening at http://[::]:8080","time":"2019-03-06T04:26:05.870Z","v":0}
{"name":"orderer-api","hostname":"DESKTOP-94S6US8","pid":14384,"level":30,"msg":"orderer-api listening at http://[::]:8080","time":"2019-03-06T04:26:27.922Z","v":0}
{"name":"orderer-api","hostname":"DESKTOP-94S6US8","pid":15104,"level":30,"msg":"orderer-api listening at http://[::]:8080","time":"2019-03-06T04:26:31.557Z","v":0}
{"name":"orderer-api","hostname":"DESKTOP-94S6US8","pid":13112,"level":30,"msg":"orderer-api listening at http://[::]:8080","time":"2019-03-06T04:26:56.105Z","v":0}
{"name":"orderer-api","hostname":"DESKTOP-94S6US8","pid":2980,"level":30,"msg":"orderer-api listening at http://[::]:8080","time":"2019-03-06T04:28:38.635Z","v":0}
{"name":"orderer-api","hostname":"DESKTOP-94S6US8","pid":9824,"level":30,"msg":"orderer-api listening at http://[::]:8080","time":"2019-03-06T04:28:56.389Z","v":0}
{"name":"orderer-api","hostname":"DESKTOP-94S6US8","pid":5004,"level":30,"msg":"orderer-api listening at http://[::]:8080","time":"2019-03-06T04:29:36.369Z","v":0}
{"name":"orderer-api","hostname":"DESKTOP-94S6US8","pid":6700,"level":30,"msg":"orderer-api listening at http://[::]:8080","time":"2019-03-06T04:29:53.640Z","v":0}
{"name":"orderer-api","hostname":"DESKTOP-94S6US8","pid":6700,"level":10,"msg":"GET / 404 6 ms","time":"2019-03-06T04:30:01.881Z","v":0}
{"name":"orderer-api","hostname":"DESKTOP-94S6US8","pid":6700,"level":10,"msg":"GET /api/product 200 19 ms","time":"2019-03-06T04:30:06.974Z","v":0}
{"name":"orderer-api","hostname":"DESKTOP-94S6US8","pid":7924,"level":30,"msg":"orderer-api listening at http://[::]:8080","time":"2019-03-06T04:32:43.117Z","v":0}
{"name":"orderer-api","hostname":"DESKTOP-94S6US8","pid":5008,"level":30,"msg":"orderer-api listening at http://[::]:8080","time":"2019-03-06T04:33:19.185Z","v":0}
{"name":"orderer-api","hostname":"DESKTOP-94S6US8","pid":15332,"level":30,"msg":"orderer-api listening at http://[::]:8080","time":"2019-03-06T04:33:53.506Z","v":0}
{"name":"orderer-api","hostname":"DESKTOP-94S6US8","pid":9736,"level":30,"msg":"orderer-api listening at http://[::]:8080","time":"2019-03-06T04:34:19.283Z","v":0}
{"name":"orderer-api","hostname":"DESKTOP-94S6US8","pid":204,"level":30,"msg":"orderer-api listening at http://[::]:8080","time":"2019-03-06T04:37:36.374Z","v":0}
{"name":"orderer-api","hostname":"DESKTOP-94S6US8","pid":9648,"level":30,"msg":"orderer-api listening at http://[::]:8080","time":"2019-03-06T04:38:41.722Z","v":0}
{"name":"orderer-api","hostname":"DESKTOP-94S6US8","pid":14632,"level":30,"msg":"orderer-api listening at http://[::]:8080","time":"2019-03-06T04:39:01.479Z","v":0}
{"name":"orderer-api","hostname":"DESKTOP-94S6US8","pid":8096,"level":30,"msg":"orderer-api listening at http://[::]:8080","time":"2019-03-06T04:39:25.154Z","v":0}
{"name":"orderer-api","hostname":"DESKTOP-94S6US8","pid":8096,"level":10,"msg":"POST /api/product 200 38 ms","time":"2019-03-06T04:39:29.239Z","v":0}
{"name":"orderer-api","hostname":"DESKTOP-94S6US8","pid":9112,"level":30,"msg":"orderer-api listening at http://[::]:8080","time":"2019-03-06T04:40:37.586Z","v":0}
{"name":"orderer-api","hostname":"DESKTOP-94S6US8","pid":13976,"level":30,"msg":"orderer-api listening at http://[::]:8080","time":"2019-03-06T04:40:57.119Z","v":0}
{"name":"orderer-api","hostname":"DESKTOP-94S6US8","pid":14836,"level":30,"msg":"orderer-api listening at http://[::]:8080","time":"2019-03-06T04:41:35.883Z","v":0}
{"name":"orderer-api","hostname":"DESKTOP-94S6US8","pid":14836,"level":10,"msg":"POST /api/product 200 34 ms","time":"2019-03-06T04:41:38.650Z","v":0}
{"name":"orderer-api","hostname":"DESKTOP-94S6US8","pid":11192,"level":30,"msg":"orderer-api listening at http://[::]:8080","time":"2019-03-06T04:42:06.658Z","v":0}
{"name":"orderer-api","hostname":"DESKTOP-94S6US8","pid":11192,"level":10,"msg":"POST /api/product 200 38 ms","time":"2019-03-06T04:42:09.047Z","v":0}
{"name":"orderer-api","hostname":"DESKTOP-94S6US8","pid":2052,"level":30,"msg":"orderer-api listening at http://[::]:8080","time":"2019-03-06T04:46:08.566Z","v":0}
{"name":"orderer-api","hostname":"DESKTOP-94S6US8","pid":2052,"level":10,"msg":"POST /api/product 200 38 ms","time":"2019-03-06T04:46:12.932Z","v":0}
{"name":"orderer-api","hostname":"DESKTOP-94S6US8","pid":14448,"level":30,"msg":"orderer-api listening at http://[::]:8080","time":"2019-03-06T04:46:28.903Z","v":0}
{"name":"orderer-api","hostname":"DESKTOP-94S6US8","pid":14964,"level":30,"msg":"orderer-api listening at http://[::]:8080","time":"2019-03-06T04:48:01.489Z","v":0}
{"name":"orderer-api","hostname":"DESKTOP-94S6US8","pid":7596,"level":30,"msg":"orderer-api listening at http://[::]:8080","time":"2019-03-06T04:48:21.967Z","v":0}
{"name":"orderer-api","hostname":"DESKTOP-94S6US8","pid":11808,"level":30,"msg":"orderer-api listening at http://[::]:8080","time":"2019-03-06T04:48:33.816Z","v":0}
{"name":"orderer-api","hostname":"DESKTOP-94S6US8","pid":6760,"level":30,"msg":"orderer-api listening at http://[::]:8080","time":"2019-03-06T04:48:36.464Z","v":0}
{"name":"orderer-api","hostname":"DESKTOP-94S6US8","pid":10032,"level":30,"msg":"orderer-api listening at http://[::]:8080","time":"2019-03-06T04:49:02.519Z","v":0}
{"name":"orderer-api","hostname":"DESKTOP-94S6US8","pid":10032,"level":10,"msg":"GET /api/product 200 18 ms","time":"2019-03-06T04:49:10.953Z","v":0}
{"name":"orderer-api","hostname":"DESKTOP-94S6US8","pid":10032,"level":10,"msg":"GET /api/produc 404 3 ms","time":"2019-03-06T04:49:18.027Z","v":0}
{"name":"orderer-api","hostname":"DESKTOP-94S6US8","pid":15280,"level":30,"msg":"orderer-api listening at http://[::]:8080","time":"2019-03-06T04:50:06.252Z","v":0}
{"name":"orderer-api","hostname":"DESKTOP-94S6US8","pid":14460,"level":30,"msg":"orderer-api listening at http://[::]:8080","time":"2019-03-06T04:50:56.653Z","v":0}
{"name":"orderer-api","hostname":"DESKTOP-94S6US8","pid":5008,"level":30,"msg":"orderer-api listening at http://[::]:8080","time":"2019-03-06T04:51:16.526Z","v":0}
{"name":"orderer-api","hostname":"DESKTOP-94S6US8","pid":5008,"level":10,"msg":"POST /api/product 400 36 ms","time":"2019-03-06T04:51:21.490Z","v":0}
{"name":"orderer-api","hostname":"DESKTOP-94S6US8","pid":10508,"level":30,"msg":"orderer-api listening at http://[::]:8080","time":"2019-03-06T04:51:54.605Z","v":0}
{"name":"orderer-api","hostname":"DESKTOP-94S6US8","pid":14964,"level":30,"msg":"orderer-api listening at http://[::]:8080","time":"2019-03-06T04:52:01.201Z","v":0}
{"name":"orderer-api","hostname":"DESKTOP-94S6US8","pid":14964,"level":10,"msg":"POST /api/product 400 33 ms","time":"2019-03-06T04:52:03.432Z","v":0}
{"name":"orderer-api","hostname":"DESKTOP-94S6US8","pid":4304,"level":30,"msg":"orderer-api listening at http://[::]:8080","time":"2019-03-06T04:55:10.363Z","v":0}
{"name":"orderer-api","hostname":"DESKTOP-94S6US8","pid":14572,"level":30,"msg":"orderer-api listening at http://[::]:8080","time":"2019-03-06T04:55:22.984Z","v":0}
{"name":"orderer-api","hostname":"DESKTOP-94S6US8","pid":8956,"level":30,"msg":"orderer-api listening at http://[::]:8080","time":"2019-03-06T04:55:50.354Z","v":0}
{"name":"orderer-api","hostname":"DESKTOP-94S6US8","pid":14848,"level":30,"msg":"orderer-api listening at http://[::]:8080","time":"2019-03-06T04:56:02.311Z","v":0}
{"name":"orderer-api","hostname":"DESKTOP-94S6US8","pid":1444,"level":30,"msg":"orderer-api listening at http://[::]:8080","time":"2019-03-06T04:56:14.233Z","v":0}
{"name":"orderer-api","hostname":"DESKTOP-94S6US8","pid":9156,"level":30,"msg":"orderer-api listening at http://[::]:8080","time":"2019-03-06T04:56:23.157Z","v":0}
{"name":"orderer-api","hostname":"DESKTOP-94S6US8","pid":15156,"level":30,"msg":"orderer-api listening at http://[::]:8080","time":"2019-03-06T04:56:30.166Z","v":0}
{"name":"orderer-api","hostname":"DESKTOP-94S6US8","pid":12384,"level":30,"msg":"orderer-api listening at http://[::]:8080","time":"2019-03-06T04:56:59.543Z","v":0}
{"name":"orderer-api","hostname":"DESKTOP-94S6US8","pid":15068,"level":30,"msg":"orderer-api listening at http://[::]:8080","time":"2019-03-06T04:59:38.553Z","v":0}
{"name":"orderer-api","hostname":"DESKTOP-94S6US8","pid":15044,"level":30,"msg":"orderer-api listening at http://[::]:8080","time":"2019-03-06T04:59:50.398Z","v":0}
{"name":"orderer-api","hostname":"DESKTOP-94S6US8","pid":15044,"level":10,"msg":"POST /api/product 400 33 ms","time":"2019-03-06T04:59:52.897Z","v":0}
{"name":"orderer-api","hostname":"DESKTOP-94S6US8","pid":14848,"level":30,"msg":"orderer-api listening at http://[::]:8080","time":"2019-03-06T05:00:09.703Z","v":0}
{"name":"orderer-api","hostname":"DESKTOP-94S6US8","pid":14848,"level":10,"msg":"POST /api/product 200 58 ms","time":"2019-03-06T05:00:18.862Z","v":0}
{"name":"orderer-api","hostname":"DESKTOP-94S6US8","pid":14848,"level":10,"msg":"POST /api/product 200 7 ms","time":"2019-03-06T05:01:26.853Z","v":0}
{"name":"orderer-api","hostname":"DESKTOP-94S6US8","pid":7456,"level":30,"msg":"orderer-api listening at http://[::]:8080","time":"2019-03-06T05:02:29.453Z","v":0}
{"name":"orderer-api","hostname":"DESKTOP-94S6US8","pid":6696,"level":30,"msg":"orderer-api listening at http://[::]:8080","time":"2019-03-06T05:02:31.255Z","v":0}
{"name":"orderer-api","hostname":"DESKTOP-94S6US8","pid":13948,"level":30,"msg":"orderer-api listening at http://[::]:8080","time":"2019-03-06T05:02:44.787Z","v":0}
{"name":"orderer-api","hostname":"DESKTOP-94S6US8","pid":13876,"level":30,"msg":"orderer-api listening at http://[::]:8080","time":"2019-03-06T05:03:53.851Z","v":0}
{"name":"orderer-api","hostname":"DESKTOP-94S6US8","pid":13876,"level":10,"msg":"POST /api/product 200 37 ms","time":"2019-03-06T05:04:00.023Z","v":0}
{"name":"orderer-api","hostname":"DESKTOP-94S6US8","pid":13876,"level":10,"msg":"POST /api/product 400 6 ms","time":"2019-03-06T05:04:05.535Z","v":0}
{"name":"orderer-api","hostname":"DESKTOP-94S6US8","pid":13876,"level":10,"msg":"POST /api/product 400 4 ms","time":"2019-03-06T05:04:33.841Z","v":0}
{"name":"orderer-api","hostname":"DESKTOP-94S6US8","pid":6812,"level":30,"msg":"orderer-api listening at http://[::]:8080","time":"2019-03-06T05:05:45.287Z","v":0}
{"name":"orderer-api","hostname":"DESKTOP-94S6US8","pid":13132,"level":30,"msg":"orderer-api listening at http://[::]:8080","time":"2019-03-06T05:06:15.735Z","v":0}
{"name":"orderer-api","hostname":"DESKTOP-94S6US8","pid":14876,"level":30,"msg":"orderer-api listening at http://[::]:8080","time":"2019-03-06T05:06:43.921Z","v":0}
{"name":"orderer-api","hostname":"DESKTOP-94S6US8","pid":5336,"level":30,"msg":"orderer-api listening at http://[::]:8080","time":"2019-03-06T05:48:36.831Z","v":0}
{"name":"orderer-api","hostname":"DESKTOP-94S6US8","pid":11588,"level":30,"msg":"orderer-api listening at http://[::]:8080","time":"2019-03-06T05:48:50.764Z","v":0}
{"name":"orderer-api","hostname":"DESKTOP-94S6US8","pid":12484,"level":30,"msg":"orderer-api listening at http://[::]:8080","time":"2019-03-06T05:48:57.379Z","v":0}
{"name":"orderer-api","hostname":"DESKTOP-94S6US8","pid":10232,"level":30,"msg":"orderer-api listening at http://[::]:8080","time":"2019-03-06T05:49:24.622Z","v":0}
{"name":"orderer-api","hostname":"DESKTOP-94S6US8","pid":14316,"level":30,"msg":"orderer-api listening at http://[::]:8080","time":"2019-03-06T05:54:41.912Z","v":0}
{"name":"orderer-api","hostname":"DESKTOP-94S6US8","pid":6940,"level":30,"msg":"orderer-api listening at http://[::]:8080","time":"2019-03-06T05:55:26.634Z","v":0}
{"name":"orderer-api","hostname":"DESKTOP-94S6US8","pid":2332,"level":30,"msg":"orderer-api listening at http://[::]:8080","time":"2019-03-06T05:58:16.738Z","v":0}
{"name":"orderer-api","hostname":"DESKTOP-94S6US8","pid":13072,"level":30,"msg":"orderer-api listening at http://[::]:8080","time":"2019-03-06T05:58:35.005Z","v":0}
{"name":"orderer-api","hostname":"DESKTOP-94S6US8","pid":11056,"level":30,"msg":"orderer-api listening at http://[::]:8080","time":"2019-03-06T05:58:44.484Z","v":0}
{"name":"orderer-api","hostname":"DESKTOP-94S6US8","pid":4020,"level":30,"msg":"orderer-api listening at http://[::]:8080","time":"2019-03-06T05:58:52.074Z","v":0}
{"name":"orderer-api","hostname":"DESKTOP-94S6US8","pid":14452,"level":30,"msg":"orderer-api listening at http://[::]:8080","time":"2019-03-06T05:59:08.739Z","v":0}
{"name":"orderer-api","hostname":"DESKTOP-94S6US8","pid":16080,"level":30,"msg":"orderer-api listening at http://[::]:8080","time":"2019-03-06T05:59:45.317Z","v":0}
{"name":"orderer-api","hostname":"DESKTOP-94S6US8","pid":9288,"level":30,"msg":"orderer-api listening at http://[::]:8080","time":"2019-03-06T05:59:51.385Z","v":0}
{"name":"orderer-api","hostname":"DESKTOP-94S6US8","pid":14192,"level":30,"msg":"orderer-api listening at http://[::]:8080","time":"2019-03-06T05:59:53.612Z","v":0}
{"name":"orderer-api","hostname":"DESKTOP-94S6US8","pid":16092,"level":30,"msg":"orderer-api listening at http://[::]:8080","time":"2019-03-06T06:00:18.398Z","v":0}
{"name":"orderer-api","hostname":"DESKTOP-94S6US8","pid":12820,"level":30,"msg":"orderer-api listening at http://[::]:8080","time":"2019-03-06T06:00:51.905Z","v":0}
{"name":"orderer-api","hostname":"DESKTOP-94S6US8","pid":5240,"level":30,"msg":"orderer-api listening at http://[::]:8080","time":"2019-03-06T06:05:54.835Z","v":0}
{"name":"orderer-api","hostname":"DESKTOP-94S6US8","pid":6952,"level":30,"msg":"orderer-api listening at http://[::]:8080","time":"2019-03-06T06:07:38.358Z","v":0}
{"name":"orderer-api","hostname":"DESKTOP-94S6US8","pid":12504,"level":30,"msg":"orderer-api listening at http://[::]:8080","time":"2019-03-06T06:09:14.172Z","v":0}
{"name":"orderer-api","hostname":"DESKTOP-94S6US8","pid":4584,"level":30,"msg":"orderer-api listening at http://[::]:8080","time":"2019-03-06T06:12:45.272Z","v":0}
{"name":"orderer-api","hostname":"DESKTOP-94S6US8","pid":3596,"level":30,"msg":"orderer-api listening at http://[::]:8080","time":"2019-03-06T06:13:00.105Z","v":0}
{"name":"orderer-api","hostname":"DESKTOP-94S6US8","pid":3596,"level":10,"msg":"POST /api/user/auth 401 17 ms","time":"2019-03-06T06:14:24.821Z","v":0}
{"name":"orderer-api","hostname":"DESKTOP-94S6US8","pid":6912,"level":30,"msg":"orderer-api listening at http://[::]:8080","time":"2019-03-06T06:14:55.836Z","v":0}
{"name":"orderer-api","hostname":"DESKTOP-94S6US8","pid":6912,"level":10,"msg":"POST /api/user/auth 401 16 ms","time":"2019-03-06T06:14:58.822Z","v":0}
{"name":"orderer-api","hostname":"DESKTOP-94S6US8","pid":9832,"level":30,"msg":"orderer-api listening at http://[::]:8080","time":"2019-03-06T06:15:09.087Z","v":0}
{"name":"orderer-api","hostname":"DESKTOP-94S6US8","pid":9832,"level":10,"msg":"POST /api/user/auth 401 15 ms","time":"2019-03-06T06:15:12.591Z","v":0}
{"name":"orderer-api","hostname":"DESKTOP-94S6US8","pid":9320,"level":30,"msg":"orderer-api listening at http://[::]:8080","time":"2019-03-06T06:15:18.466Z","v":0}
{"name":"orderer-api","hostname":"DESKTOP-94S6US8","pid":14964,"level":30,"msg":"orderer-api listening at http://[::]:8080","time":"2019-03-06T06:15:20.417Z","v":0}
{"name":"orderer-api","hostname":"DESKTOP-94S6US8","pid":14964,"level":10,"msg":"POST /api/user/auth 401 23 ms","time":"2019-03-06T06:15:22.795Z","v":0}
{"name":"orderer-api","hostname":"DESKTOP-94S6US8","pid":14964,"level":10,"msg":"POST /api/user/auth 401 4 ms","time":"2019-03-06T06:15:30.984Z","v":0}
{"name":"orderer-api","hostname":"DESKTOP-94S6US8","pid":13484,"level":30,"msg":"orderer-api listening at http://[::]:8080","time":"2019-03-06T06:16:01.244Z","v":0}
{"name":"orderer-api","hostname":"DESKTOP-94S6US8","pid":8784,"level":30,"msg":"orderer-api listening at http://[::]:8080","time":"2019-03-06T06:16:03.800Z","v":0}
{"name":"orderer-api","hostname":"DESKTOP-94S6US8","pid":8784,"level":10,"msg":"POST /api/user/auth 401 25 ms","time":"2019-03-06T06:16:07.505Z","v":0}
{"name":"orderer-api","hostname":"DESKTOP-94S6US8","pid":5280,"level":30,"msg":"orderer-api listening at http://[::]:8080","time":"2019-03-06T06:16:13.966Z","v":0}
{"name":"orderer-api","hostname":"DESKTOP-94S6US8","pid":5280,"level":10,"msg":"POST /api/user/auth 401 16 ms","time":"2019-03-06T06:16:17.494Z","v":0}
{"name":"orderer-api","hostname":"DESKTOP-94S6US8","pid":8440,"level":30,"msg":"orderer-api listening at http://[::]:8080","time":"2019-03-06T06:16:21.351Z","v":0}
{"name":"orderer-api","hostname":"DESKTOP-94S6US8","pid":8440,"level":10,"msg":"POST /api/user/auth 401 16 ms","time":"2019-03-06T06:16:25.070Z","v":0}
{"name":"orderer-api","hostname":"DESKTOP-94S6US8","pid":8440,"level":10,"msg":"POST /api/user/auth 401 3 ms","time":"2019-03-06T06:16:26.497Z","v":0}
{"name":"orderer-api","hostname":"DESKTOP-94S6US8","pid":6148,"level":30,"msg":"orderer-api listening at http://[::]:8080","time":"2019-03-06T06:17:25.304Z","v":0}
{"name":"orderer-api","hostname":"DESKTOP-94S6US8","pid":12800,"level":30,"msg":"orderer-api listening at http://[::]:8080","time":"2019-03-06T06:25:27.626Z","v":0}
{"name":"orderer-api","hostname":"DESKTOP-94S6US8","pid":9508,"level":30,"msg":"orderer-api listening at http://[::]:8080","time":"2019-03-06T06:25:35.345Z","v":0}
{"name":"orderer-api","hostname":"DESKTOP-94S6US8","pid":5316,"level":30,"msg":"orderer-api listening at http://[::]:8080","time":"2019-03-06T06:25:44.476Z","v":0}
{"name":"orderer-api","hostname":"DESKTOP-94S6US8","pid":6912,"level":30,"msg":"orderer-api listening at http://[::]:8080","time":"2019-03-06T06:26:45.398Z","v":0}
{"name":"orderer-api","hostname":"DESKTOP-94S6US8","pid":4336,"level":30,"msg":"orderer-api listening at http://[::]:8080","time":"2019-03-06T06:27:04.204Z","v":0}
{"name":"orderer-api","hostname":"DESKTOP-94S6US8","pid":4336,"level":10,"msg":"POST /api/user/auth 401 45 ms","time":"2019-03-06T06:27:16.902Z","v":0}
{"name":"orderer-api","hostname":"DESKTOP-94S6US8","pid":14216,"level":30,"msg":"orderer-api listening at http://[::]:8080","time":"2019-03-06T06:27:23.746Z","v":0}
{"name":"orderer-api","hostname":"DESKTOP-94S6US8","pid":14912,"level":30,"msg":"orderer-api listening at http://[::]:8080","time":"2019-03-06T06:27:27.819Z","v":0}
{"name":"orderer-api","hostname":"DESKTOP-94S6US8","pid":14912,"level":10,"msg":"POST /api/user/auth 401 29 ms","time":"2019-03-06T06:27:30.186Z","v":0}
{"name":"orderer-api","hostname":"DESKTOP-94S6US8","pid":2708,"level":30,"msg":"orderer-api listening at http://[::]:8080","time":"2019-03-06T06:27:40.110Z","v":0}
{"name":"orderer-api","hostname":"DESKTOP-94S6US8","pid":2708,"level":10,"msg":"POST /api/user/auth 401 28 ms","time":"2019-03-06T06:27:41.404Z","v":0}
{"name":"orderer-api","hostname":"DESKTOP-94S6US8","pid":14840,"level":30,"msg":"orderer-api listening at http://[::]:8080","time":"2019-03-06T06:27:47.973Z","v":0}
{"name":"orderer-api","hostname":"DESKTOP-94S6US8","pid":14840,"level":10,"msg":"POST /api/user/auth 401 26 ms","time":"2019-03-06T06:27:49.178Z","v":0}
{"name":"orderer-api","hostname":"DESKTOP-94S6US8","pid":11192,"level":30,"msg":"orderer-api listening at http://[::]:8080","time":"2019-03-06T06:27:54.570Z","v":0}
{"name":"orderer-api","hostname":"DESKTOP-94S6US8","pid":14636,"level":30,"msg":"orderer-api listening at http://[::]:8080","time":"2019-03-06T06:30:01.068Z","v":0}
{"name":"orderer-api","hostname":"DESKTOP-94S6US8","pid":8664,"level":30,"msg":"orderer-api listening at http://[::]:8080","time":"2019-03-06T06:30:24.113Z","v":0}
{"name":"orderer-api","hostname":"DESKTOP-94S6US8","pid":16140,"level":30,"msg":"orderer-api listening at http://[::]:8080","time":"2019-03-06T06:31:31.117Z","v":0}
{"name":"orderer-api","hostname":"DESKTOP-94S6US8","pid":16140,"level":10,"msg":"POST /api/user 200 31 ms","time":"2019-03-06T06:31:38.909Z","v":0}
{"name":"orderer-api","hostname":"DESKTOP-94S6US8","pid":14276,"level":30,"msg":"orderer-api listening at http://[::]:8080","time":"2019-03-06T06:34:54.627Z","v":0}
{"name":"orderer-api","hostname":"DESKTOP-94S6US8","pid":14276,"level":10,"msg":"POST /api/user/auth 401 36 ms","time":"2019-03-06T06:34:58.025Z","v":0}
{"name":"orderer-api","hostname":"DESKTOP-94S6US8","pid":11964,"level":30,"msg":"orderer-api listening at http://[::]:8080","time":"2019-03-06T06:36:34.309Z","v":0}
{"name":"orderer-api","hostname":"DESKTOP-94S6US8","pid":11964,"level":10,"msg":"POST /api/user 400 46 ms","time":"2019-03-06T06:36:37.899Z","v":0}
{"name":"orderer-api","hostname":"DESKTOP-94S6US8","pid":10008,"level":30,"msg":"orderer-api listening at http://[::]:8080","time":"2019-03-06T06:37:00.459Z","v":0}
{"name":"orderer-api","hostname":"DESKTOP-94S6US8","pid":10008,"level":10,"msg":"POST /api/user 400 33 ms","time":"2019-03-06T06:37:05.105Z","v":0}
{"name":"orderer-api","hostname":"DESKTOP-94S6US8","pid":10008,"level":10,"msg":"POST /api/user 200 5 ms","time":"2019-03-06T06:37:08.811Z","v":0}
{"name":"orderer-api","hostname":"DESKTOP-94S6US8","pid":11524,"level":30,"msg":"orderer-api listening at http://[::]:8080","time":"2019-03-06T06:37:18.640Z","v":0}
{"name":"orderer-api","hostname":"DESKTOP-94S6US8","pid":4284,"level":30,"msg":"orderer-api listening at http://[::]:8080","time":"2019-03-06T06:37:25.703Z","v":0}
{"name":"orderer-api","hostname":"DESKTOP-94S6US8","pid":4284,"level":10,"msg":"POST /api/user 200 32 ms","time":"2019-03-06T06:37:32.173Z","v":0}
{"name":"orderer-api","hostname":"DESKTOP-94S6US8","pid":4844,"level":30,"msg":"orderer-api listening at http://[::]:8080","time":"2019-03-06T06:37:36.683Z","v":0}
{"name":"orderer-api","hostname":"DESKTOP-94S6US8","pid":15712,"level":30,"msg":"orderer-api listening at http://[::]:8080","time":"2019-03-06T06:38:07.733Z","v":0}
{"name":"orderer-api","hostname":"DESKTOP-94S6US8","pid":2156,"level":30,"msg":"orderer-api listening at http://[::]:8080","time":"2019-03-06T06:38:16.517Z","v":0}
{"name":"orderer-api","hostname":"DESKTOP-94S6US8","pid":2156,"level":10,"msg":"POST /api/user 200 144 ms","time":"2019-03-06T06:38:21.152Z","v":0}
{"name":"orderer-api","hostname":"DESKTOP-94S6US8","pid":9956,"level":30,"msg":"orderer-api listening at http://[::]:8080","time":"2019-03-06T06:40:40.807Z","v":0}
{"name":"orderer-api","hostname":"DESKTOP-94S6US8","pid":14276,"level":30,"msg":"orderer-api listening at http://[::]:8080","time":"2019-03-06T06:42:27.572Z","v":0}
{"name":"orderer-api","hostname":"DESKTOP-94S6US8","pid":14276,"level":10,"msg":"POST /api/user/auth 200 141 ms","time":"2019-03-06T06:42:30.388Z","v":0}
{"name":"orderer-api","hostname":"DESKTOP-94S6US8","pid":14276,"level":10,"msg":"POST /api/product 200 21 ms","time":"2019-03-06T06:42:59.803Z","v":0}
{"name":"orderer-api","hostname":"DESKTOP-94S6US8","pid":540,"level":30,"msg":"orderer-api listening at http://[::]:8080","time":"2019-03-06T06:43:39.428Z","v":0}
{"name":"orderer-api","hostname":"DESKTOP-94S6US8","pid":540,"level":10,"msg":"POST /api/product 200 377 ms","time":"2019-03-06T06:43:40.461Z","v":0}
{"name":"orderer-api","hostname":"DESKTOP-94S6US8","pid":8248,"level":30,"msg":"orderer-api listening at http://[::]:8080","time":"2019-03-06T06:43:52.034Z","v":0}
{"name":"orderer-api","hostname":"DESKTOP-94S6US8","pid":8248,"level":10,"msg":"POST /api/user/auth 200 145 ms","time":"2019-03-06T06:44:00.361Z","v":0}
{"name":"orderer-api","hostname":"DESKTOP-94S6US8","pid":8248,"level":10,"msg":"POST /api/user/auth 200 98 ms","time":"2019-03-06T06:44:04.780Z","v":0}
{"name":"orderer-api","hostname":"DESKTOP-94S6US8","pid":8248,"level":10,"msg":"POST /api/user/auth 200 95 ms","time":"2019-03-06T06:44:05.776Z","v":0}
{"name":"orderer-api","hostname":"DESKTOP-94S6US8","pid":8248,"level":10,"msg":"POST /api/user/auth 200 94 ms","time":"2019-03-06T06:44:06.596Z","v":0}
{"name":"orderer-api","hostname":"DESKTOP-94S6US8","pid":8248,"level":10,"msg":"POST /api/user/auth 200 94 ms","time":"2019-03-06T06:44:07.484Z","v":0}
{"name":"orderer-api","hostname":"DESKTOP-94S6US8","pid":8248,"level":10,"msg":"POST /api/user/auth 200 92 ms","time":"2019-03-06T06:44:08.224Z","v":0}
{"name":"orderer-api","hostname":"DESKTOP-94S6US8","pid":8588,"level":30,"msg":"orderer-api listening at http://[::]:8080","time":"2019-03-06T06:44:36.864Z","v":0}
{"name":"orderer-api","hostname":"DESKTOP-94S6US8","pid":10868,"level":30,"msg":"orderer-api listening at http://[::]:8080","time":"2019-03-06T06:44:50.887Z","v":0}
{"name":"orderer-api","hostname":"DESKTOP-94S6US8","pid":11368,"level":30,"msg":"orderer-api listening at http://[::]:8080","time":"2019-03-06T06:47:39.455Z","v":0}
{"name":"orderer-api","hostname":"DESKTOP-94S6US8","pid":11368,"level":10,"msg":"POST /api/product 200 34 ms","time":"2019-03-06T06:47:41.618Z","v":0}
{"name":"orderer-api","hostname":"DESKTOP-94S6US8","pid":9968,"level":30,"msg":"orderer-api listening at http://[::]:8080","time":"2019-03-06T06:48:38.641Z","v":0}
{"name":"orderer-api","hostname":"DESKTOP-94S6US8","pid":9968,"level":10,"msg":"POST /api/product 200 40 ms","time":"2019-03-06T06:48:41.138Z","v":0}
{"name":"orderer-api","hostname":"DESKTOP-94S6US8","pid":9968,"level":10,"msg":"POST /api/user/auth 200 152 ms","time":"2019-03-06T06:48:45.207Z","v":0}
{"name":"orderer-api","hostname":"DESKTOP-94S6US8","pid":9968,"level":10,"msg":"POST /api/user 400 102 ms","time":"2019-03-06T06:48:47.501Z","v":0}
{"name":"orderer-api","hostname":"DESKTOP-94S6US8","pid":14840,"level":30,"msg":"orderer-api listening at http://[::]:8080","time":"2019-03-06T06:49:02.740Z","v":0}
{"name":"orderer-api","hostname":"DESKTOP-94S6US8","pid":14840,"level":10,"msg":"POST /api/user 400 160 ms","time":"2019-03-06T06:49:08.760Z","v":0}
{"name":"orderer-api","hostname":"DESKTOP-94S6US8","pid":15600,"level":30,"msg":"orderer-api listening at http://[::]:8080","time":"2019-03-06T06:49:30.344Z","v":0}
{"name":"orderer-api","hostname":"DESKTOP-94S6US8","pid":14568,"level":30,"msg":"orderer-api listening at http://[::]:8080","time":"2019-03-06T06:49:49.565Z","v":0}
